0 info it worked if it ends with ok
1 verbose cli [ 'E:\\software\\nodejs\\node.exe',
1 verbose cli   'E:\\software\\nodejs\\node_modules\\npm\\bin\\npm-cli.js',
1 verbose cli   'run',
1 verbose cli   'start',
1 verbose cli   '--scripts-prepend-node-path=auto' ]
2 info using npm@3.10.10
3 info using node@v6.10.3
4 verbose run-script [ 'prestart', 'start', 'poststart' ]
5 info lifecycle node@0.0.0~prestart: node@0.0.0
6 silly lifecycle node@0.0.0~prestart: no script for prestart, continuing
7 info lifecycle node@0.0.0~start: node@0.0.0
8 verbose lifecycle node@0.0.0~start: unsafe-perm in lifecycle true
9 verbose lifecycle node@0.0.0~start: PATH: E:\software\nodejs\node_modules\npm\bin\node-gyp-bin;E:\software\node\node_modules\.bin;E:\software\Ruby23-x64\bin;C:\ProgramData\Oracle\Java\javapath;C:\Windows\system32;C:\Windows;C:\Windows\System32\Wbem;C:\Windows\System32\WindowsPowerShell\v1.0\;C:\Program Files (x86)\NVIDIA Corporation\PhysX\Common;E:\software\java\Git\cmd;F:\software\apache-maven-3.3.9\bin;E:\software\java\jdk1.7.0_79\bin;E:\software\java\jdk1.7.0_79\jre\bin;E:\software\nodejs\;F:\software\MySQL Server 5.5\bin;C:\Users\Administrator\AppData\Roaming\npm;E:\software\Microsoft VS Code\bin;C:\Users\Administrator\AppData\Local\Programs\Fiddler
10 verbose lifecycle node@0.0.0~start: CWD: E:\software\node
11 silly lifecycle node@0.0.0~start: Args: [ '/d /s /c', 'node ./bin/www' ]
12 silly lifecycle node@0.0.0~start: Returned: code: 1  signal: null
13 info lifecycle node@0.0.0~start: Failed to exec start script
14 verbose stack Error: node@0.0.0 start: `node ./bin/www`
14 verbose stack Exit status 1
14 verbose stack     at EventEmitter.<anonymous> (E:\software\nodejs\node_modules\npm\lib\utils\lifecycle.js:255:16)
14 verbose stack     at emitTwo (events.js:106:13)
14 verbose stack     at EventEmitter.emit (events.js:191:7)
14 verbose stack     at ChildProcess.<anonymous> (E:\software\nodejs\node_modules\npm\lib\utils\spawn.js:40:14)
14 verbose stack     at emitTwo (events.js:106:13)
14 verbose stack     at ChildProcess.emit (events.js:191:7)
14 verbose stack     at maybeClose (internal/child_process.js:886:16)
14 verbose stack     at Process.ChildProcess._handle.onexit (internal/child_process.js:226:5)
15 verbose pkgid node@0.0.0
16 verbose cwd E:\software\node
17 error Windows_NT 6.1.7601
18 error argv "E:\\software\\nodejs\\node.exe" "E:\\software\\nodejs\\node_modules\\npm\\bin\\npm-cli.js" "run" "start" "--scripts-prepend-node-path=auto"
19 error node v6.10.3
20 error npm  v3.10.10
21 error code ELIFECYCLE
22 error node@0.0.0 start: `node ./bin/www`
22 error Exit status 1
23 error Failed at the node@0.0.0 start script 'node ./bin/www'.
23 error Make sure you have the latest version of node.js and npm installed.
23 error If you do, this is most likely a problem with the node package,
23 error not with npm itself.
23 error Tell the author that this fails on your system:
23 error     node ./bin/www
23 error You can get information on how to open an issue for this project with:
23 error     npm bugs node
23 error Or if that isn't available, you can get their info via:
23 error     npm owner ls node
23 error There is likely additional logging output above.
24 verbose exit [ 1, true ]
